<?xml version="1.0" encoding="UTF-8"?>
<!-- Generated by org.testng.reporters.JUnitReportReporter -->
<testsuite skipped="0" hostname="DESKTOP-KCMKG2H" name="regLoansNewUI.ThreeLoanTests" tests="1" failures="0" timestamp="06 Apr 2022 06:36:41 GMT" time="240.245" errors="0">
  <testcase name="customer3Loan_Reject_Other" time="240.245" classname="regLoansNewUI.ThreeLoanTests"/>
</testsuite> <!-- regLoansNewUI.ThreeLoanTests -->
