<?xml version="1.0" encoding="UTF-8"?>
<!-- Generated by org.testng.reporters.JUnitReportReporter -->
<testsuite skipped="0" hostname="DESKTOP-KCMKG2H" name="regloanscripts.PayOffLoans" tests="1" failures="0" timestamp="20 Dec 2021 10:53:15 GMT" time="323.225" errors="0">
  <testcase name="LoanPayoff" time="323.225" classname="regloanscripts.PayOffLoans"/>
</testsuite> <!-- regloanscripts.PayOffLoans -->
