<?xml version="1.0" encoding="UTF-8"?>
<!-- Generated by org.testng.reporters.JUnitReportReporter -->
<testsuite skipped="0" hostname="DESKTOP-KCMKG2H" name="regloanscripts.Verify_Employment" tests="5" failures="0" timestamp="05 Apr 2022 07:33:29 GMT" time="67.025" errors="0">
  <testcase name="verifyEmployment" time="13.941" classname="regloanscripts.Verify_Employment"/>
  <testcase name="verifyEmployment" time="14.373" classname="regloanscripts.Verify_Employment"/>
  <testcase name="verifyEmployment" time="12.535" classname="regloanscripts.Verify_Employment"/>
  <testcase name="verifyEmployment" time="12.056" classname="regloanscripts.Verify_Employment"/>
  <testcase name="verifyEmployment" time="14.120" classname="regloanscripts.Verify_Employment"/>
</testsuite> <!-- regloanscripts.Verify_Employment -->
