<?xml version="1.0" encoding="UTF-8"?>
<!-- Generated by org.testng.reporters.JUnitReportReporter -->
<testsuite skipped="0" hostname="DESKTOP-KCMKG2H" name="testcases.NewCustomer" tests="6" failures="0" timestamp="20 Jun 2019 09:56:31 GMT" time="340.952" errors="0">
  <testcase name="createCustomer" time="45.843" classname="testcases.NewCustomer"/>
  <testcase name="createCustomer" time="46.649" classname="testcases.NewCustomer"/>
  <testcase name="createCustomer" time="50.641" classname="testcases.NewCustomer"/>
  <testcase name="createCustomer" time="52.832" classname="testcases.NewCustomer"/>
  <testcase name="createCustomer" time="49.245" classname="testcases.NewCustomer"/>
  <testcase name="createCustomer" time="95.742" classname="testcases.NewCustomer"/>
</testsuite> <!-- testcases.NewCustomer -->
