<?xml version="1.0" encoding="UTF-8"?>
<!-- Generated by org.testng.reporters.JUnitReportReporter -->
<testsuite skipped="0" hostname="DESKTOP-KCMKG2H" name="regloanscripts.LargeDollarLSFM_NonRed_FinMkt" tests="3" failures="0" timestamp="03 Feb 2021 06:27:11 GMT" time="133.385" errors="0">
  <testcase name="LightStream" time="44.695" classname="regloanscripts.LargeDollarLSFM_NonRed_FinMkt"/>
  <testcase name="LightStream" time="45.146" classname="regloanscripts.LargeDollarLSFM_NonRed_FinMkt"/>
  <testcase name="LightStream" time="43.544" classname="regloanscripts.LargeDollarLSFM_NonRed_FinMkt"/>
</testsuite> <!-- regloanscripts.LargeDollarLSFM_NonRed_FinMkt -->
