<?xml version="1.0" encoding="UTF-8"?>
<!-- Generated by org.testng.reporters.JUnitReportReporter -->
<testsuite skipped="0" hostname="DESKTOP-KCMKG2H" name="regloanscripts.New_CustomerCreateTwoLoan_RejectNext" tests="3" failures="0" timestamp="23 Mar 2019 17:15:58 GMT" time="741.820" errors="0">
  <testcase name="customer2Loan_Reject_Other" time="256.168" classname="regloanscripts.New_CustomerCreateTwoLoan_RejectNext"/>
  <testcase name="customer2Loan_Reject_Other" time="245.401" classname="regloanscripts.New_CustomerCreateTwoLoan_RejectNext"/>
  <testcase name="customer2Loan_Reject_Other" time="240.251" classname="regloanscripts.New_CustomerCreateTwoLoan_RejectNext"/>
</testsuite> <!-- regloanscripts.New_CustomerCreateTwoLoan_RejectNext -->
