<?xml version="1.0" encoding="UTF-8"?>
<!-- Generated by org.testng.reporters.JUnitReportReporter -->
<testsuite skipped="0" hostname="DESKTOP-KCMKG2H" name="regCIPscripts.CIPDataClear" tests="1" failures="0" timestamp="03 Jun 2022 12:24:33 GMT" time="87.601" errors="0">
  <testcase name="CIPClear" time="87.601" classname="regCIPscripts.CIPDataClear"/>
</testsuite> <!-- regCIPscripts.CIPDataClear -->
