<?xml version="1.0" encoding="UTF-8"?>
<!-- Generated by org.testng.reporters.JUnitReportReporter -->
<testsuite skipped="0" hostname="DESKTOP-KCMKG2H" name="regLoansNewUI.NewCustomer" tests="1" failures="0" timestamp="13 Jun 2022 08:29:26 GMT" time="42.394" errors="0">
  <testcase name="createCustomer" time="42.394" classname="regLoansNewUI.NewCustomer"/>
</testsuite> <!-- regLoansNewUI.NewCustomer -->
