<?xml version="1.0" encoding="UTF-8"?>
<!-- Generated by org.testng.reporters.JUnitReportReporter -->
<testsuite skipped="0" hostname="DESKTOP-KCMKG2H" name="regLoansNewUI.OneLoanTests" tests="4" failures="0" timestamp="06 Apr 2022 06:36:41 GMT" time="526.013" errors="0">
  <testcase name="customerOneLoan_Reject_Other" time="132.088" classname="regLoansNewUI.OneLoanTests"/>
  <testcase name="customerOneLoan_Reject_Other" time="129.305" classname="regLoansNewUI.OneLoanTests"/>
  <testcase name="customerOneLoan_Reject_Other" time="130.959" classname="regLoansNewUI.OneLoanTests"/>
  <testcase name="customerOneLoan_Reject_Other" time="133.661" classname="regLoansNewUI.OneLoanTests"/>
</testsuite> <!-- regLoansNewUI.OneLoanTests -->
