<?xml version="1.0" encoding="UTF-8"?>
<!-- Generated by org.testng.reporters.JUnitReportReporter -->
<testsuite skipped="0" hostname="DESKTOP-KCMKG2H" name="regLoansNewUI.CreditFlowExtLendLightStream" tests="4" failures="0" timestamp="04 Apr 2022 13:42:52 GMT" time="223.335" errors="0">
  <testcase name="CreditFlowLightStream" time="55.753" classname="regLoansNewUI.CreditFlowExtLendLightStream"/>
  <testcase name="CreditFlowLightStream" time="55.513" classname="regLoansNewUI.CreditFlowExtLendLightStream"/>
  <testcase name="CreditFlowLightStream" time="55.587" classname="regLoansNewUI.CreditFlowExtLendLightStream"/>
  <testcase name="CreditFlowLightStream" time="56.482" classname="regLoansNewUI.CreditFlowExtLendLightStream"/>
</testsuite> <!-- regLoansNewUI.CreditFlowExtLendLightStream -->
