<?xml version="1.0" encoding="UTF-8"?>
<!-- Generated by org.testng.reporters.JUnitReportReporter -->
<testsuite skipped="0" hostname="DESKTOP-KCMKG2H" name="regloanscripts.LargeDollarLS_LSFM_NonRed" tests="3" failures="0" timestamp="03 Feb 2021 06:27:11 GMT" time="159.772" errors="0">
  <testcase name="LightStream" time="53.736" classname="regloanscripts.LargeDollarLS_LSFM_NonRed"/>
  <testcase name="LightStream" time="53.327" classname="regloanscripts.LargeDollarLS_LSFM_NonRed"/>
  <testcase name="LightStream" time="52.709" classname="regloanscripts.LargeDollarLS_LSFM_NonRed"/>
</testsuite> <!-- regloanscripts.LargeDollarLS_LSFM_NonRed -->
