<?xml version="1.0" encoding="UTF-8"?>
<!-- Generated by org.testng.reporters.JUnitReportReporter -->
<testsuite skipped="0" hostname="DESKTOP-KCMKG2H" name="regloanscripts.LargeDollarLSFM_Red_FinMkt" tests="3" failures="0" timestamp="03 Feb 2021 06:27:11 GMT" time="132.290" errors="0">
  <testcase name="LSFMRedFINMkt" time="44.486" classname="regloanscripts.LargeDollarLSFM_Red_FinMkt"/>
  <testcase name="LSFMRedFINMkt" time="44.376" classname="regloanscripts.LargeDollarLSFM_Red_FinMkt"/>
  <testcase name="LSFMRedFINMkt" time="43.428" classname="regloanscripts.LargeDollarLSFM_Red_FinMkt"/>
</testsuite> <!-- regloanscripts.LargeDollarLSFM_Red_FinMkt -->
