<?xml version="1.0" encoding="UTF-8"?>
<!-- Generated by org.testng.reporters.JUnitReportReporter -->
<testsuite skipped="0" hostname="DESKTOP-KCMKG2H" name="regCIPscripts.CIPNotClearedTests" tests="3" failures="0" timestamp="06 Apr 2022 16:22:25 GMT" time="480.825" errors="0">
  <testcase name="CIPNotCleared" time="156.129" classname="regCIPscripts.CIPNotClearedTests"/>
  <testcase name="CIPNotCleared" time="161.990" classname="regCIPscripts.CIPNotClearedTests"/>
  <testcase name="CIPNotCleared" time="162.706" classname="regCIPscripts.CIPNotClearedTests"/>
</testsuite> <!-- regCIPscripts.CIPNotClearedTests -->
