<?xml version="1.0" encoding="UTF-8"?>
<!-- Generated by org.testng.reporters.JUnitReportReporter -->
<testsuite skipped="0" hostname="DESKTOP-KCMKG2H" name="regLoansNewUI.CustCreate_Rej_Lessthan18Age" tests="1" failures="0" timestamp="12 Apr 2021 08:50:00 GMT" time="22.021" errors="0">
  <testcase name="customerCreationReject" time="22.021" classname="regLoansNewUI.CustCreate_Rej_Lessthan18Age"/>
</testsuite> <!-- regLoansNewUI.CustCreate_Rej_Lessthan18Age -->
