<?xml version="1.0" encoding="UTF-8"?>
<!-- Generated by org.testng.reporters.JUnitReportReporter -->
<testsuite skipped="0" hostname="DESKTOP-KCMKG2H" name="regloanscripts.New_CustomerCreate3Loan_RejectNext" tests="1" failures="0" timestamp="23 Mar 2019 17:00:43 GMT" time="294.806" errors="0">
  <testcase name="customer3Loan_Reject_Other" time="294.806" classname="regloanscripts.New_CustomerCreate3Loan_RejectNext"/>
</testsuite> <!-- regloanscripts.New_CustomerCreate3Loan_RejectNext -->
