<?xml version="1.0" encoding="UTF-8"?>
<!-- Generated by org.testng.reporters.JUnitReportReporter -->
<testsuite skipped="0" hostname="DESKTOP-KCMKG2H" name="regloanscripts.OneLoanUI" tests="1" failures="0" timestamp="24 Feb 2021 13:55:24 GMT" time="147.202" errors="0">
  <testcase name="customerOneLoan_Reject_Other" time="147.202" classname="regloanscripts.OneLoanUI"/>
</testsuite> <!-- regloanscripts.OneLoanUI -->
