<?xml version="1.0" encoding="UTF-8"?>
<!-- Generated by org.testng.reporters.JUnitReportReporter -->
<testsuite skipped="0" hostname="DESKTOP-KCMKG2H" name="regloanscripts.New_Cust_Verify_Loan_Reject" tests="9" failures="0" timestamp="11 Sep 2019 09:48:04 GMT" time="1866.568" errors="0">
  <testcase name="customer_Loan_Reject" time="207.413" classname="regloanscripts.New_Cust_Verify_Loan_Reject"/>
  <testcase name="customer_Loan_Reject" time="211.596" classname="regloanscripts.New_Cust_Verify_Loan_Reject"/>
  <testcase name="customer_Loan_Reject" time="198.441" classname="regloanscripts.New_Cust_Verify_Loan_Reject"/>
  <testcase name="customer_Loan_Reject" time="223.902" classname="regloanscripts.New_Cust_Verify_Loan_Reject"/>
  <testcase name="customer_Loan_Reject" time="196.389" classname="regloanscripts.New_Cust_Verify_Loan_Reject"/>
  <testcase name="customer_Loan_Reject" time="201.767" classname="regloanscripts.New_Cust_Verify_Loan_Reject"/>
  <testcase name="customer_Loan_Reject" time="193.080" classname="regloanscripts.New_Cust_Verify_Loan_Reject"/>
  <testcase name="customer_Loan_Reject" time="196.076" classname="regloanscripts.New_Cust_Verify_Loan_Reject"/>
  <testcase name="customer_Loan_Reject" time="237.904" classname="regloanscripts.New_Cust_Verify_Loan_Reject"/>
</testsuite> <!-- regloanscripts.New_Cust_Verify_Loan_Reject -->
