<?xml version="1.0" encoding="UTF-8"?>
<!-- Generated by org.testng.reporters.JUnitReportReporter -->
<testsuite skipped="0" hostname="DESKTOP-KCMKG2H" name="regLoansNewUI.MakeAPayment" tests="2" failures="0" timestamp="16 Apr 2021 07:04:32 GMT" time="176.554" errors="0">
  <testcase name="MakePayment" time="71.238" classname="regLoansNewUI.MakeAPayment"/>
  <testcase name="MakePayment" time="105.316" classname="regLoansNewUI.MakeAPayment"/>
</testsuite> <!-- regLoansNewUI.MakeAPayment -->
