<?xml version="1.0" encoding="UTF-8"?>
<!-- Generated by org.testng.reporters.JUnitReportReporter -->
<testsuite skipped="0" hostname="DESKTOP-KCMKG2H" name="regloanscripts.CustTerminateOREmpDeactivate" tests="3" failures="0" timestamp="05 Sep 2019 13:23:00 GMT" time="167.260" errors="0">
  <testcase name="verifyReqNewLoanLink" time="68.861" classname="regloanscripts.CustTerminateOREmpDeactivate"/>
  <testcase name="verifyReqNewLoanLink" time="48.768" classname="regloanscripts.CustTerminateOREmpDeactivate"/>
  <testcase name="verifyReqNewLoanLink" time="49.631" classname="regloanscripts.CustTerminateOREmpDeactivate"/>
</testsuite> <!-- regloanscripts.CustTerminateOREmpDeactivate -->
