<?xml version="1.0" encoding="UTF-8"?>
<!-- Generated by org.testng.reporters.JUnitReportReporter -->
<testsuite skipped="0" hostname="DESKTOP-KCMKG2H" name="regLoansNewUI.TwoLoanTests" tests="3" failures="0" timestamp="06 Apr 2022 06:36:41 GMT" time="560.429" errors="0">
  <testcase name="customer2Loan_Reject_Other" time="187.585" classname="regLoansNewUI.TwoLoanTests"/>
  <testcase name="customer2Loan_Reject_Other" time="186.847" classname="regLoansNewUI.TwoLoanTests"/>
  <testcase name="customer2Loan_Reject_Other" time="185.997" classname="regLoansNewUI.TwoLoanTests"/>
</testsuite> <!-- regLoansNewUI.TwoLoanTests -->
