<?xml version="1.0" encoding="UTF-8"?>
<!-- Generated by org.testng.reporters.JUnitReportReporter -->
<testsuite skipped="0" hostname="DESKTOP-KCMKG2H" name="regLoansNewUI.NoCreditNavigations" tests="1" failures="0" timestamp="21 Jul 2022 08:19:32 GMT" time="97.629" errors="0">
  <testcase name="NoCreditNavigate" time="97.629" classname="regLoansNewUI.NoCreditNavigations"/>
</testsuite> <!-- regLoansNewUI.NoCreditNavigations -->
