<?xml version="1.0" encoding="UTF-8"?>
<!-- Generated by org.testng.reporters.JUnitReportReporter -->
<testsuite skipped="0" hostname="DESKTOP-KCMKG2H" name="regLoansNewUI.NoCreditGarnishVerifyLoanRej" tests="1" failures="0" timestamp="04 Apr 2022 13:16:48 GMT" time="50.042" errors="0">
  <testcase name="verifyGarnishment" time="50.042" classname="regLoansNewUI.NoCreditGarnishVerifyLoanRej"/>
</testsuite> <!-- regLoansNewUI.NoCreditGarnishVerifyLoanRej -->
