<?xml version="1.0" encoding="UTF-8"?>
<!-- Generated by org.testng.reporters.JUnitReportReporter -->
<testsuite skipped="0" hostname="DESKTOP-KCMKG2H" name="regLoansNewUI.CustomerNavigations" tests="1" failures="0" timestamp="04 Mar 2022 07:36:18 GMT" time="98.980" errors="0">
  <testcase name="NavigationCheckCustomer" time="98.980" classname="regLoansNewUI.CustomerNavigations"/>
</testsuite> <!-- regLoansNewUI.CustomerNavigations -->
