<?xml version="1.0" encoding="UTF-8"?>
<!-- Generated by org.testng.reporters.JUnitReportReporter -->
<testsuite skipped="0" hostname="DESKTOP-KCMKG2H" name="regLoansNewUI.NoCredit_Verify_Loan_Reject" tests="7" failures="0" timestamp="04 Apr 2022 13:16:48 GMT" time="613.990" errors="0">
  <testcase name="customer_Loan_Reject" time="86.427" classname="regLoansNewUI.NoCredit_Verify_Loan_Reject"/>
  <testcase name="customer_Loan_Reject" time="85.818" classname="regLoansNewUI.NoCredit_Verify_Loan_Reject"/>
  <testcase name="customer_Loan_Reject" time="88.982" classname="regLoansNewUI.NoCredit_Verify_Loan_Reject"/>
  <testcase name="customer_Loan_Reject" time="86.870" classname="regLoansNewUI.NoCredit_Verify_Loan_Reject"/>
  <testcase name="customer_Loan_Reject" time="86.747" classname="regLoansNewUI.NoCredit_Verify_Loan_Reject"/>
  <testcase name="customer_Loan_Reject" time="91.173" classname="regLoansNewUI.NoCredit_Verify_Loan_Reject"/>
  <testcase name="customer_Loan_Reject" time="87.973" classname="regLoansNewUI.NoCredit_Verify_Loan_Reject"/>
</testsuite> <!-- regLoansNewUI.NoCredit_Verify_Loan_Reject -->
