<?xml version="1.0" encoding="UTF-8"?>
<!-- Generated by org.testng.reporters.JUnitReportReporter -->
<testsuite skipped="0" hostname="DESKTOP-KCMKG2H" name="regloanscripts.RedStateLoanVerify" tests="1" failures="0" timestamp="03 Jul 2020 12:38:28 GMT" time="113.225" errors="0">
  <testcase name="RedStates_Verify_Loan" time="113.225" classname="regloanscripts.RedStateLoanVerify"/>
</testsuite> <!-- regloanscripts.RedStateLoanVerify -->
