<?xml version="1.0" encoding="UTF-8"?>
<!-- Generated by org.testng.reporters.JUnitReportReporter -->
<testsuite skipped="0" hostname="DESKTOP-KCMKG2H" name="regLoansNewUI.CreditFlowExtLendFinMarket" tests="6" failures="0" timestamp="04 Apr 2022 13:42:52 GMT" time="293.180" errors="0">
  <testcase name="CreditFinMarketFlow" time="48.145" classname="regLoansNewUI.CreditFlowExtLendFinMarket"/>
  <testcase name="CreditFinMarketFlow" time="48.777" classname="regLoansNewUI.CreditFlowExtLendFinMarket"/>
  <testcase name="CreditFinMarketFlow" time="48.032" classname="regLoansNewUI.CreditFlowExtLendFinMarket"/>
  <testcase name="CreditFinMarketFlow" time="48.570" classname="regLoansNewUI.CreditFlowExtLendFinMarket"/>
  <testcase name="CreditFinMarketFlow" time="50.078" classname="regLoansNewUI.CreditFlowExtLendFinMarket"/>
  <testcase name="CreditFinMarketFlow" time="49.578" classname="regLoansNewUI.CreditFlowExtLendFinMarket"/>
</testsuite> <!-- regLoansNewUI.CreditFlowExtLendFinMarket -->
