<?xml version="1.0" encoding="UTF-8"?>
<!-- Generated by org.testng.reporters.JUnitReportReporter -->
<testsuite skipped="0" hostname="DESKTOP-KCMKG2H" name="regCIPscripts.CIPClearTests" tests="2" failures="0" timestamp="06 Apr 2022 16:22:25 GMT" time="432.661" errors="0">
  <testcase name="CIPClear" time="218.888" classname="regCIPscripts.CIPClearTests"/>
  <testcase name="CIPClear" time="213.773" classname="regCIPscripts.CIPClearTests"/>
</testsuite> <!-- regCIPscripts.CIPClearTests -->
