<?xml version="1.0" encoding="UTF-8"?>
<!-- Generated by org.testng.reporters.JUnitReportReporter -->
<testsuite skipped="0" hostname="DESKTOP-KCMKG2H" name="regHRscripts.SpecialCharInSalaryNew" tests="1" failures="0" timestamp="12 Aug 2021 10:52:57 GMT" time="86.391" errors="0">
  <testcase name="UploadSplCharInSalary" time="86.391" classname="regHRscripts.SpecialCharInSalaryNew"/>
</testsuite> <!-- regHRscripts.SpecialCharInSalaryNew -->
