<?xml version="1.0" encoding="UTF-8"?>
<!-- Generated by org.testng.reporters.JUnitReportReporter -->
<testsuite hostname="CSLalitha" name="testcases.AdminNavigationsTest" tests="1" failures="0" timestamp="25 Sep 2018 12:59:04 GMT" time="161.649" errors="0">
  <testcase name="NavigationCheck" time="161.649" classname="testcases.AdminNavigationsTest"/>
</testsuite> <!-- testcases.AdminNavigationsTest -->
