<?xml version="1.0" encoding="UTF-8"?>
<!-- Generated by org.testng.reporters.JUnitReportReporter -->
<testsuite skipped="0" hostname="DESKTOP-KCMKG2H" name="regLoansNewUI.NavigationNew" tests="1" failures="0" timestamp="02 Mar 2022 10:29:49 GMT" time="395.710" errors="0">
  <testcase name="NavigationCheckCustomer" time="395.710" classname="regLoansNewUI.NavigationNew"/>
</testsuite> <!-- regLoansNewUI.NavigationNew -->
