<?xml version="1.0" encoding="UTF-8"?>
<!-- Generated by org.testng.reporters.JUnitReportReporter -->
<testsuite skipped="0" hostname="DESKTOP-KCMKG2H" name="regloanscripts.CustomerNavigations" tests="1" failures="0" timestamp="29 Dec 2020 07:33:18 GMT" time="125.085" errors="0">
  <testcase name="NavigationCheckCustomer" time="125.085" classname="regloanscripts.CustomerNavigations"/>
</testsuite> <!-- regloanscripts.CustomerNavigations -->
