<?xml version="1.0" encoding="UTF-8"?>
<!-- Generated by org.testng.reporters.JUnitReportReporter -->
<testsuite skipped="0" hostname="DESKTOP-KCMKG2H" name="regCIPscripts.CIPFailureAppInfo" tests="1" failures="0" timestamp="06 Apr 2022 16:22:25 GMT" time="196.742" errors="0">
  <testcase name="CIPFailureAppInfoTest" time="196.742" classname="regCIPscripts.CIPFailureAppInfo"/>
</testsuite> <!-- regCIPscripts.CIPFailureAppInfo -->
