<?xml version="1.0" encoding="UTF-8"?>
<!-- Generated by org.testng.reporters.JUnitReportReporter -->
<testsuite skipped="0" hostname="DESKTOP-KCMKG2H" name="regloanscripts.AdminNavigationsTest" tests="7" failures="0" timestamp="20 Dec 2021 11:22:11 GMT" time="1692.246" errors="0">
  <testcase name="NavigationCheck" time="187.496" classname="regloanscripts.AdminNavigationsTest"/>
  <testcase name="NavigationCheck" time="173.103" classname="regloanscripts.AdminNavigationsTest"/>
  <testcase name="NavigationCheck" time="182.498" classname="regloanscripts.AdminNavigationsTest"/>
  <testcase name="NavigationCheck" time="136.571" classname="regloanscripts.AdminNavigationsTest"/>
  <testcase name="NavigationCheck" time="474.622" classname="regloanscripts.AdminNavigationsTest"/>
  <testcase name="NavigationCheck" time="350.561" classname="regloanscripts.AdminNavigationsTest"/>
  <testcase name="NavigationCheck" time="187.395" classname="regloanscripts.AdminNavigationsTest"/>
</testsuite> <!-- regloanscripts.AdminNavigationsTest -->
