<?xml version="1.0" encoding="UTF-8"?>
<!-- Generated by org.testng.reporters.JUnitReportReporter -->
<testsuite skipped="0" hostname="DESKTOP-KCMKG2H" name="regHRscripts.NoMapGarnishmentNew" tests="1" failures="0" timestamp="12 Aug 2021 10:52:57 GMT" time="124.699" errors="0">
  <testcase name="GarnishmentNotMapped" time="124.699" classname="regHRscripts.NoMapGarnishmentNew"/>
</testsuite> <!-- regHRscripts.NoMapGarnishmentNew -->
