<?xml version="1.0" encoding="UTF-8"?>
<!-- Generated by org.testng.reporters.JUnitReportReporter -->
<testsuite skipped="0" hostname="DESKTOP-KCMKG2H" name="regloanscripts.CustomerCreation_Rejected" tests="3" failures="0" timestamp="05 Sep 2019 13:23:00 GMT" time="205.894" errors="0">
  <testcase name="customerCreationReject" time="67.524" classname="regloanscripts.CustomerCreation_Rejected"/>
  <testcase name="customerCreationReject" time="68.326" classname="regloanscripts.CustomerCreation_Rejected"/>
  <testcase name="customerCreationReject" time="70.044" classname="regloanscripts.CustomerCreation_Rejected"/>
</testsuite> <!-- regloanscripts.CustomerCreation_Rejected -->
