<?xml version="1.0" encoding="UTF-8"?>
<!-- Generated by org.testng.reporters.JUnitReportReporter -->
<testsuite skipped="0" hostname="DESKTOP-KCMKG2H" name="regLoansNewUI.NoCredit_CustTerm_Inac_EmpDeacti" tests="2" failures="0" timestamp="04 Apr 2022 13:16:48 GMT" time="75.649" errors="0">
  <testcase name="NoCreditInvalidEmployees" time="37.973" classname="regLoansNewUI.NoCredit_CustTerm_Inac_EmpDeacti"/>
  <testcase name="NoCreditInvalidEmployees" time="37.676" classname="regLoansNewUI.NoCredit_CustTerm_Inac_EmpDeacti"/>
</testsuite> <!-- regLoansNewUI.NoCredit_CustTerm_Inac_EmpDeacti -->
