<?xml version="1.0" encoding="UTF-8"?>
<!-- Generated by org.testng.reporters.JUnitReportReporter -->
<testsuite skipped="0" hostname="DESKTOP-KCMKG2H" name="regLoansNewUI.CreditFlowCustTerm_Inac_EmpDeac" tests="2" failures="0" timestamp="04 Apr 2022 13:42:52 GMT" time="60.293" errors="0">
  <testcase name="CreditInvalidEmployees" time="30.255" classname="regLoansNewUI.CreditFlowCustTerm_Inac_EmpDeac"/>
  <testcase name="CreditInvalidEmployees" time="30.038" classname="regLoansNewUI.CreditFlowCustTerm_Inac_EmpDeac"/>
</testsuite> <!-- regLoansNewUI.CreditFlowCustTerm_Inac_EmpDeac -->
