<?xml version="1.0" encoding="UTF-8"?>
<!-- Generated by org.testng.reporters.JUnitReportReporter -->
<testsuite skipped="0" hostname="DESKTOP-KCMKG2H" name="regLoansNewUI.CreditFlowExtLend_Absent" tests="1" failures="0" timestamp="04 Apr 2022 13:42:52 GMT" time="25.246" errors="0">
  <testcase name="CreditInvalidEmployees" time="25.246" classname="regLoansNewUI.CreditFlowExtLend_Absent"/>
</testsuite> <!-- regLoansNewUI.CreditFlowExtLend_Absent -->
