<?xml version="1.0" encoding="UTF-8"?>
<!-- Generated by org.testng.reporters.JUnitReportReporter -->
<testsuite skipped="0" hostname="DESKTOP-KCMKG2H" name="regloanscripts.ExistingCustVerifyLoanRej" tests="1" failures="0" timestamp="05 Sep 2019 13:23:00 GMT" time="93.147" errors="0">
  <testcase name="verifyGarnishment" time="93.147" classname="regloanscripts.ExistingCustVerifyLoanRej"/>
</testsuite> <!-- regloanscripts.ExistingCustVerifyLoanRej -->
