<?xml version="1.0" encoding="UTF-8"?>
<!-- Generated by org.testng.reporters.JUnitReportReporter -->
<testsuite skipped="0" hostname="DESKTOP-KCMKG2H" name="regloanscripts.LargeDollarLS_LSFM_Red" tests="6" failures="0" timestamp="03 Feb 2021 06:27:11 GMT" time="299.788" errors="0">
  <testcase name="LightStream" time="45.260" classname="regloanscripts.LargeDollarLS_LSFM_Red"/>
  <testcase name="LightStream" time="51.916" classname="regloanscripts.LargeDollarLS_LSFM_Red"/>
  <testcase name="LightStream" time="53.124" classname="regloanscripts.LargeDollarLS_LSFM_Red"/>
  <testcase name="LightStream" time="51.856" classname="regloanscripts.LargeDollarLS_LSFM_Red"/>
  <testcase name="LightStream" time="52.018" classname="regloanscripts.LargeDollarLS_LSFM_Red"/>
  <testcase name="LightStream" time="45.614" classname="regloanscripts.LargeDollarLS_LSFM_Red"/>
</testsuite> <!-- regloanscripts.LargeDollarLS_LSFM_Red -->
