<?xml version="1.0" encoding="UTF-8"?>
<!-- Generated by org.testng.reporters.JUnitReportReporter -->
<testsuite skipped="0" hostname="DESKTOP-KCMKG2H" name="regloanscripts.CustCreate_Rej_Lessthan18Age" tests="1" failures="0" timestamp="05 Apr 2022 07:33:29 GMT" time="14.479" errors="0">
  <testcase name="customerCreationReject" time="14.479" classname="regloanscripts.CustCreate_Rej_Lessthan18Age"/>
</testsuite> <!-- regloanscripts.CustCreate_Rej_Lessthan18Age -->
