<?xml version="1.0" encoding="UTF-8"?>
<!-- Generated by org.testng.reporters.JUnitReportReporter -->
<testsuite skipped="0" hostname="DESKTOP-KCMKG2H" name="regLoansNewUI.NoCredit_Red_Blackout" tests="1" failures="0" timestamp="04 Apr 2022 13:16:48 GMT" time="38.729" errors="0">
  <testcase name="NoCreditRedBlackoutEmpls" time="38.729" classname="regLoansNewUI.NoCredit_Red_Blackout"/>
</testsuite> <!-- regLoansNewUI.NoCredit_Red_Blackout -->
